{
  message: 'Server is running on Port - 5000',
  level: 'info',
  label: 'Chat App',
  timestamp: '2023-10-20T06:01:58.292Z'
}
{
  error: ZodError: [
    {
      "code": "invalid_type",
      "expected": "string",
      "received": "number",
      "path": [
        "body",
        "conversationId"
      ],
      "message": "Expected string, received number"
    },
    {
      "code": "invalid_type",
      "expected": "string",
      "received": "undefined",
      "path": [
        "body",
        "senderId"
      ],
      "message": "Sender Id is required!"
    },
    {
      "code": "invalid_type",
      "expected": "string",
      "received": "undefined",
      "path": [
        "body",
        "receiverId"
      ],
      "message": "Receiver Id is required!"
    }
  ]
      at Object.get error [as error] (D:\projects\learn\think-in-a-redux-way\chat-app\backend\node_modules\zod\lib\types.js:43:31)
      at ZodObject.parseAsync (D:\projects\learn\think-in-a-redux-way\chat-app\backend\node_modules\zod\lib\types.js:165:22)
      at processTicksAndRejections (node:internal/process/task_queues:95:5) {
    issues: [
      {
        code: 'invalid_type',
        expected: 'string',
        received: 'number',
        path: [ 'body', 'conversationId' ],
        message: 'Expected string, received number'
      },
      {
        code: 'invalid_type',
        expected: 'string',
        received: 'undefined',
        path: [ 'body', 'senderId' ],
        message: 'Sender Id is required!'
      },
      {
        code: 'invalid_type',
        expected: 'string',
        received: 'undefined',
        path: [ 'body', 'receiverId' ],
        message: 'Receiver Id is required!'
      }
    ],
    addIssue: [Function (anonymous)],
    addIssues: [Function (anonymous)],
    errors: [
      {
        code: 'invalid_type',
        expected: 'string',
        received: 'number',
        path: [ 'body', 'conversationId' ],
        message: 'Expected string, received number'
      },
      {
        code: 'invalid_type',
        expected: 'string',
        received: 'undefined',
        path: [ 'body', 'senderId' ],
        message: 'Sender Id is required!'
      },
      {
        code: 'invalid_type',
        expected: 'string',
        received: 'undefined',
        path: [ 'body', 'receiverId' ],
        message: 'Receiver Id is required!'
      }
    ]
  },
  level: 'info',
  message: 'globalErrorHandler ~~',
  label: 'Chat App',
  timestamp: '2023-10-20T06:02:46.038Z'
}
{
  error: ZodError: [
    {
      "code": "invalid_type",
      "expected": "string",
      "received": "undefined",
      "path": [
        "body",
        "senderId"
      ],
      "message": "Sender Id is required!"
    },
    {
      "code": "invalid_type",
      "expected": "string",
      "received": "undefined",
      "path": [
        "body",
        "receiverId"
      ],
      "message": "Receiver Id is required!"
    }
  ]
      at Object.get error [as error] (D:\projects\learn\think-in-a-redux-way\chat-app\backend\node_modules\zod\lib\types.js:43:31)
      at ZodObject.parseAsync (D:\projects\learn\think-in-a-redux-way\chat-app\backend\node_modules\zod\lib\types.js:165:22)
      at processTicksAndRejections (node:internal/process/task_queues:95:5) {
    issues: [
      {
        code: 'invalid_type',
        expected: 'string',
        received: 'undefined',
        path: [ 'body', 'senderId' ],
        message: 'Sender Id is required!'
      },
      {
        code: 'invalid_type',
        expected: 'string',
        received: 'undefined',
        path: [ 'body', 'receiverId' ],
        message: 'Receiver Id is required!'
      }
    ],
    addIssue: [Function (anonymous)],
    addIssues: [Function (anonymous)],
    errors: [
      {
        code: 'invalid_type',
        expected: 'string',
        received: 'undefined',
        path: [ 'body', 'senderId' ],
        message: 'Sender Id is required!'
      },
      {
        code: 'invalid_type',
        expected: 'string',
        received: 'undefined',
        path: [ 'body', 'receiverId' ],
        message: 'Receiver Id is required!'
      }
    ]
  },
  level: 'info',
  message: 'globalErrorHandler ~~',
  label: 'Chat App',
  timestamp: '2023-10-20T06:03:38.891Z'
}
{
  message: 'Server is running on Port - 5000',
  level: 'info',
  label: 'Chat App',
  timestamp: '2023-10-20T06:04:48.765Z'
}
{
  message: 'Server is running on Port - 5000',
  level: 'info',
  label: 'Chat App',
  timestamp: '2023-10-20T06:20:42.337Z'
}
{
  message: 'Server is running on Port - 5000',
  level: 'info',
  label: 'Chat App',
  timestamp: '2023-10-20T06:25:47.778Z'
}
{
  message: 'Server is running on Port - 5000',
  level: 'info',
  label: 'Chat App',
  timestamp: '2023-10-20T06:40:20.519Z'
}
{
  message: 'Server is running on Port - 5000',
  level: 'info',
  label: 'Chat App',
  timestamp: '2023-10-20T06:43:32.600Z'
}
{
  message: 'Server is running on Port - 5000',
  level: 'info',
  label: 'Chat App',
  timestamp: '2023-10-20T06:45:58.444Z'
}
{
  message: 'Server is running on Port - 5000',
  level: 'info',
  label: 'Chat App',
  timestamp: '2023-10-20T06:47:11.541Z'
}
{
  message: 'Server is running on Port - 5000',
  level: 'info',
  label: 'Chat App',
  timestamp: '2023-10-20T06:47:36.762Z'
}
{
  message: 'Server is running on Port - 5000',
  level: 'info',
  label: 'Chat App',
  timestamp: '2023-10-20T06:48:15.615Z'
}
{
  message: 'Server is running on Port - 5000',
  level: 'info',
  label: 'Chat App',
  timestamp: '2023-10-20T06:50:20.231Z'
}
{
  message: 'Server is running on Port - 5000',
  level: 'info',
  label: 'Chat App',
  timestamp: '2023-10-20T06:50:33.054Z'
}
{
  message: 'Server is running on Port - 5000',
  level: 'info',
  label: 'Chat App',
  timestamp: '2023-10-20T06:53:43.650Z'
}
{
  message: 'Server is running on Port - 5000',
  level: 'info',
  label: 'Chat App',
  timestamp: '2023-10-20T06:55:42.335Z'
}
