{
  message: 'Server is running on Port - 5000',
  level: 'info',
  label: 'Chat App',
  timestamp: '2023-10-15T16:45:37.941Z'
}
{
  error: [Function (anonymous)],
  level: 'info',
  message: 'globalErrorHandler ~~',
  label: 'Chat App',
  timestamp: '2023-10-15T16:57:47.906Z'
}
{
  error: [Function (anonymous)],
  level: 'info',
  message: 'globalErrorHandler ~~',
  label: 'Chat App',
  timestamp: '2023-10-15T16:57:55.643Z'
}
{
  error: [Function (anonymous)],
  level: 'info',
  message: 'globalErrorHandler ~~',
  label: 'Chat App',
  timestamp: '2023-10-15T16:57:57.944Z'
}
{
  message: 'Server is running on Port - 5000',
  level: 'info',
  label: 'Chat App',
  timestamp: '2023-10-15T16:58:56.542Z'
}
{
  message: 'Server is running on Port - 5000',
  level: 'info',
  label: 'Chat App',
  timestamp: '2023-10-15T16:59:11.096Z'
}
{
  error: [Function (anonymous)],
  level: 'info',
  message: 'globalErrorHandler ~~',
  label: 'Chat App',
  timestamp: '2023-10-15T16:59:18.813Z'
}
