{
  message: 'Server is running on Port - 5000',
  level: 'info',
  label: 'Chat App',
  timestamp: '2023-10-21T02:00:31.595Z'
}
{
  error: ZodError: [
    {
      "code": "invalid_type",
      "expected": "string",
      "received": "undefined",
      "path": [
        "body",
        "senderId"
      ],
      "message": "Sender Id is required!"
    },
    {
      "code": "invalid_type",
      "expected": "string",
      "received": "undefined",
      "path": [
        "body",
        "receiverId"
      ],
      "message": "Receiver Id is required!"
    }
  ]
      at Object.get error [as error] (D:\projects\learn\think-in-a-redux-way\chat-app\backend\node_modules\zod\lib\types.js:43:31)
      at ZodObject.parseAsync (D:\projects\learn\think-in-a-redux-way\chat-app\backend\node_modules\zod\lib\types.js:165:22)
      at processTicksAndRejections (node:internal/process/task_queues:95:5) {
    issues: [
      {
        code: 'invalid_type',
        expected: 'string',
        received: 'undefined',
        path: [ 'body', 'senderId' ],
        message: 'Sender Id is required!'
      },
      {
        code: 'invalid_type',
        expected: 'string',
        received: 'undefined',
        path: [ 'body', 'receiverId' ],
        message: 'Receiver Id is required!'
      }
    ],
    addIssue: [Function (anonymous)],
    addIssues: [Function (anonymous)],
    errors: [
      {
        code: 'invalid_type',
        expected: 'string',
        received: 'undefined',
        path: [ 'body', 'senderId' ],
        message: 'Sender Id is required!'
      },
      {
        code: 'invalid_type',
        expected: 'string',
        received: 'undefined',
        path: [ 'body', 'receiverId' ],
        message: 'Receiver Id is required!'
      }
    ]
  },
  level: 'info',
  message: 'globalErrorHandler ~~',
  label: 'Chat App',
  timestamp: '2023-10-21T02:23:58.094Z'
}
{
  error: ZodError: [
    {
      "code": "invalid_type",
      "expected": "string",
      "received": "undefined",
      "path": [
        "body",
        "senderId"
      ],
      "message": "Sender Id is required!"
    },
    {
      "code": "invalid_type",
      "expected": "string",
      "received": "undefined",
      "path": [
        "body",
        "receiverId"
      ],
      "message": "Receiver Id is required!"
    }
  ]
      at Object.get error [as error] (D:\projects\learn\think-in-a-redux-way\chat-app\backend\node_modules\zod\lib\types.js:43:31)
      at ZodObject.parseAsync (D:\projects\learn\think-in-a-redux-way\chat-app\backend\node_modules\zod\lib\types.js:165:22)
      at processTicksAndRejections (node:internal/process/task_queues:95:5) {
    issues: [
      {
        code: 'invalid_type',
        expected: 'string',
        received: 'undefined',
        path: [ 'body', 'senderId' ],
        message: 'Sender Id is required!'
      },
      {
        code: 'invalid_type',
        expected: 'string',
        received: 'undefined',
        path: [ 'body', 'receiverId' ],
        message: 'Receiver Id is required!'
      }
    ],
    addIssue: [Function (anonymous)],
    addIssues: [Function (anonymous)],
    errors: [
      {
        code: 'invalid_type',
        expected: 'string',
        received: 'undefined',
        path: [ 'body', 'senderId' ],
        message: 'Sender Id is required!'
      },
      {
        code: 'invalid_type',
        expected: 'string',
        received: 'undefined',
        path: [ 'body', 'receiverId' ],
        message: 'Receiver Id is required!'
      }
    ]
  },
  level: 'info',
  message: 'globalErrorHandler ~~',
  label: 'Chat App',
  timestamp: '2023-10-21T02:24:14.196Z'
}
{
  error: ZodError: [
    {
      "code": "invalid_type",
      "expected": "string",
      "received": "undefined",
      "path": [
        "body",
        "senderId"
      ],
      "message": "Sender Id is required!"
    },
    {
      "code": "invalid_type",
      "expected": "string",
      "received": "undefined",
      "path": [
        "body",
        "receiverId"
      ],
      "message": "Receiver Id is required!"
    }
  ]
      at Object.get error [as error] (D:\projects\learn\think-in-a-redux-way\chat-app\backend\node_modules\zod\lib\types.js:43:31)
      at ZodObject.parseAsync (D:\projects\learn\think-in-a-redux-way\chat-app\backend\node_modules\zod\lib\types.js:165:22)
      at processTicksAndRejections (node:internal/process/task_queues:95:5) {
    issues: [
      {
        code: 'invalid_type',
        expected: 'string',
        received: 'undefined',
        path: [ 'body', 'senderId' ],
        message: 'Sender Id is required!'
      },
      {
        code: 'invalid_type',
        expected: 'string',
        received: 'undefined',
        path: [ 'body', 'receiverId' ],
        message: 'Receiver Id is required!'
      }
    ],
    addIssue: [Function (anonymous)],
    addIssues: [Function (anonymous)],
    errors: [
      {
        code: 'invalid_type',
        expected: 'string',
        received: 'undefined',
        path: [ 'body', 'senderId' ],
        message: 'Sender Id is required!'
      },
      {
        code: 'invalid_type',
        expected: 'string',
        received: 'undefined',
        path: [ 'body', 'receiverId' ],
        message: 'Receiver Id is required!'
      }
    ]
  },
  level: 'info',
  message: 'globalErrorHandler ~~',
  label: 'Chat App',
  timestamp: '2023-10-21T02:24:17.711Z'
}
{
  error: ZodError: [
    {
      "code": "invalid_type",
      "expected": "string",
      "received": "undefined",
      "path": [
        "body",
        "senderId"
      ],
      "message": "Sender Id is required!"
    },
    {
      "code": "invalid_type",
      "expected": "string",
      "received": "undefined",
      "path": [
        "body",
        "receiverId"
      ],
      "message": "Receiver Id is required!"
    }
  ]
      at Object.get error [as error] (D:\projects\learn\think-in-a-redux-way\chat-app\backend\node_modules\zod\lib\types.js:43:31)
      at ZodObject.parseAsync (D:\projects\learn\think-in-a-redux-way\chat-app\backend\node_modules\zod\lib\types.js:165:22)
      at processTicksAndRejections (node:internal/process/task_queues:95:5) {
    issues: [
      {
        code: 'invalid_type',
        expected: 'string',
        received: 'undefined',
        path: [ 'body', 'senderId' ],
        message: 'Sender Id is required!'
      },
      {
        code: 'invalid_type',
        expected: 'string',
        received: 'undefined',
        path: [ 'body', 'receiverId' ],
        message: 'Receiver Id is required!'
      }
    ],
    addIssue: [Function (anonymous)],
    addIssues: [Function (anonymous)],
    errors: [
      {
        code: 'invalid_type',
        expected: 'string',
        received: 'undefined',
        path: [ 'body', 'senderId' ],
        message: 'Sender Id is required!'
      },
      {
        code: 'invalid_type',
        expected: 'string',
        received: 'undefined',
        path: [ 'body', 'receiverId' ],
        message: 'Receiver Id is required!'
      }
    ]
  },
  level: 'info',
  message: 'globalErrorHandler ~~',
  label: 'Chat App',
  timestamp: '2023-10-21T02:24:29.051Z'
}
{
  error: ZodError: [
    {
      "code": "invalid_type",
      "expected": "string",
      "received": "undefined",
      "path": [
        "body",
        "senderId"
      ],
      "message": "Sender Id is required!"
    },
    {
      "code": "invalid_type",
      "expected": "string",
      "received": "undefined",
      "path": [
        "body",
        "receiverId"
      ],
      "message": "Receiver Id is required!"
    }
  ]
      at Object.get error [as error] (D:\projects\learn\think-in-a-redux-way\chat-app\backend\node_modules\zod\lib\types.js:43:31)
      at ZodObject.parseAsync (D:\projects\learn\think-in-a-redux-way\chat-app\backend\node_modules\zod\lib\types.js:165:22)
      at processTicksAndRejections (node:internal/process/task_queues:95:5) {
    issues: [
      {
        code: 'invalid_type',
        expected: 'string',
        received: 'undefined',
        path: [ 'body', 'senderId' ],
        message: 'Sender Id is required!'
      },
      {
        code: 'invalid_type',
        expected: 'string',
        received: 'undefined',
        path: [ 'body', 'receiverId' ],
        message: 'Receiver Id is required!'
      }
    ],
    addIssue: [Function (anonymous)],
    addIssues: [Function (anonymous)],
    errors: [
      {
        code: 'invalid_type',
        expected: 'string',
        received: 'undefined',
        path: [ 'body', 'senderId' ],
        message: 'Sender Id is required!'
      },
      {
        code: 'invalid_type',
        expected: 'string',
        received: 'undefined',
        path: [ 'body', 'receiverId' ],
        message: 'Receiver Id is required!'
      }
    ]
  },
  level: 'info',
  message: 'globalErrorHandler ~~',
  label: 'Chat App',
  timestamp: '2023-10-21T02:25:16.671Z'
}
{
  error: ZodError: [
    {
      "code": "invalid_type",
      "expected": "string",
      "received": "undefined",
      "path": [
        "body",
        "senderId"
      ],
      "message": "Sender Id is required!"
    },
    {
      "code": "invalid_type",
      "expected": "string",
      "received": "undefined",
      "path": [
        "body",
        "receiverId"
      ],
      "message": "Receiver Id is required!"
    }
  ]
      at Object.get error [as error] (D:\projects\learn\think-in-a-redux-way\chat-app\backend\node_modules\zod\lib\types.js:43:31)
      at ZodObject.parseAsync (D:\projects\learn\think-in-a-redux-way\chat-app\backend\node_modules\zod\lib\types.js:165:22)
      at processTicksAndRejections (node:internal/process/task_queues:95:5) {
    issues: [
      {
        code: 'invalid_type',
        expected: 'string',
        received: 'undefined',
        path: [ 'body', 'senderId' ],
        message: 'Sender Id is required!'
      },
      {
        code: 'invalid_type',
        expected: 'string',
        received: 'undefined',
        path: [ 'body', 'receiverId' ],
        message: 'Receiver Id is required!'
      }
    ],
    addIssue: [Function (anonymous)],
    addIssues: [Function (anonymous)],
    errors: [
      {
        code: 'invalid_type',
        expected: 'string',
        received: 'undefined',
        path: [ 'body', 'senderId' ],
        message: 'Sender Id is required!'
      },
      {
        code: 'invalid_type',
        expected: 'string',
        received: 'undefined',
        path: [ 'body', 'receiverId' ],
        message: 'Receiver Id is required!'
      }
    ]
  },
  level: 'info',
  message: 'globalErrorHandler ~~',
  label: 'Chat App',
  timestamp: '2023-10-21T02:25:19.548Z'
}
{
  message: 'Server is running on Port - 5000',
  level: 'info',
  label: 'Chat App',
  timestamp: '2023-10-21T02:28:21.155Z'
}
{
  error: ZodError: [
    {
      "code": "invalid_type",
      "expected": "string",
      "received": "undefined",
      "path": [
        "body",
        "senderId"
      ],
      "message": "Sender Id is required!"
    },
    {
      "code": "invalid_type",
      "expected": "string",
      "received": "undefined",
      "path": [
        "body",
        "receiverId"
      ],
      "message": "Receiver Id is required!"
    }
  ]
      at Object.get error [as error] (D:\projects\learn\think-in-a-redux-way\chat-app\backend\node_modules\zod\lib\types.js:43:31)
      at ZodObject.parseAsync (D:\projects\learn\think-in-a-redux-way\chat-app\backend\node_modules\zod\lib\types.js:165:22)
      at processTicksAndRejections (node:internal/process/task_queues:95:5) {
    issues: [
      {
        code: 'invalid_type',
        expected: 'string',
        received: 'undefined',
        path: [ 'body', 'senderId' ],
        message: 'Sender Id is required!'
      },
      {
        code: 'invalid_type',
        expected: 'string',
        received: 'undefined',
        path: [ 'body', 'receiverId' ],
        message: 'Receiver Id is required!'
      }
    ],
    addIssue: [Function (anonymous)],
    addIssues: [Function (anonymous)],
    errors: [
      {
        code: 'invalid_type',
        expected: 'string',
        received: 'undefined',
        path: [ 'body', 'senderId' ],
        message: 'Sender Id is required!'
      },
      {
        code: 'invalid_type',
        expected: 'string',
        received: 'undefined',
        path: [ 'body', 'receiverId' ],
        message: 'Receiver Id is required!'
      }
    ]
  },
  level: 'info',
  message: 'globalErrorHandler ~~',
  label: 'Chat App',
  timestamp: '2023-10-21T02:28:39.620Z'
}
{
  error: ZodError: [
    {
      "code": "invalid_type",
      "expected": "string",
      "received": "undefined",
      "path": [
        "body",
        "senderId"
      ],
      "message": "Sender Id is required!"
    },
    {
      "code": "invalid_type",
      "expected": "string",
      "received": "undefined",
      "path": [
        "body",
        "receiverId"
      ],
      "message": "Receiver Id is required!"
    }
  ]
      at Object.get error [as error] (D:\projects\learn\think-in-a-redux-way\chat-app\backend\node_modules\zod\lib\types.js:43:31)
      at ZodObject.parseAsync (D:\projects\learn\think-in-a-redux-way\chat-app\backend\node_modules\zod\lib\types.js:165:22)
      at processTicksAndRejections (node:internal/process/task_queues:95:5) {
    issues: [
      {
        code: 'invalid_type',
        expected: 'string',
        received: 'undefined',
        path: [ 'body', 'senderId' ],
        message: 'Sender Id is required!'
      },
      {
        code: 'invalid_type',
        expected: 'string',
        received: 'undefined',
        path: [ 'body', 'receiverId' ],
        message: 'Receiver Id is required!'
      }
    ],
    addIssue: [Function (anonymous)],
    addIssues: [Function (anonymous)],
    errors: [
      {
        code: 'invalid_type',
        expected: 'string',
        received: 'undefined',
        path: [ 'body', 'senderId' ],
        message: 'Sender Id is required!'
      },
      {
        code: 'invalid_type',
        expected: 'string',
        received: 'undefined',
        path: [ 'body', 'receiverId' ],
        message: 'Receiver Id is required!'
      }
    ]
  },
  level: 'info',
  message: 'globalErrorHandler ~~',
  label: 'Chat App',
  timestamp: '2023-10-21T02:29:39.845Z'
}
{
  error: ZodError: [
    {
      "code": "invalid_type",
      "expected": "string",
      "received": "number",
      "path": [
        "body",
        "senderId"
      ],
      "message": "Expected string, received number"
    }
  ]
      at Object.get error [as error] (D:\projects\learn\think-in-a-redux-way\chat-app\backend\node_modules\zod\lib\types.js:43:31)
      at ZodObject.parseAsync (D:\projects\learn\think-in-a-redux-way\chat-app\backend\node_modules\zod\lib\types.js:165:22)
      at processTicksAndRejections (node:internal/process/task_queues:95:5) {
    issues: [
      {
        code: 'invalid_type',
        expected: 'string',
        received: 'number',
        path: [ 'body', 'senderId' ],
        message: 'Expected string, received number'
      }
    ],
    addIssue: [Function (anonymous)],
    addIssues: [Function (anonymous)],
    errors: [
      {
        code: 'invalid_type',
        expected: 'string',
        received: 'number',
        path: [ 'body', 'senderId' ],
        message: 'Expected string, received number'
      }
    ]
  },
  level: 'info',
  message: 'globalErrorHandler ~~',
  label: 'Chat App',
  timestamp: '2023-10-21T02:30:39.523Z'
}
{
  error: ApiError: User does not Exist!
      at D:\projects\learn\think-in-a-redux-way\chat-app\backend\src\app\modules\auth\auth.service.ts:74:11
      at Generator.next (<anonymous>)
      at fulfilled (D:\projects\learn\think-in-a-redux-way\chat-app\backend\src\app\modules\auth\auth.service.ts:5:58) {
    statusCode: 404
  },
  level: 'info',
  message: 'globalErrorHandler ~~',
  label: 'Chat App',
  timestamp: '2023-10-21T02:31:48.120Z'
}
{
  error: ZodError: [
    {
      "code": "invalid_type",
      "expected": "array",
      "received": "undefined",
      "path": [
        "body",
        "userIds"
      ],
      "message": "Required"
    }
  ]
      at Object.get error [as error] (D:\projects\learn\think-in-a-redux-way\chat-app\backend\node_modules\zod\lib\types.js:43:31)
      at ZodObject.parseAsync (D:\projects\learn\think-in-a-redux-way\chat-app\backend\node_modules\zod\lib\types.js:165:22)
      at processTicksAndRejections (node:internal/process/task_queues:95:5) {
    issues: [
      {
        code: 'invalid_type',
        expected: 'array',
        received: 'undefined',
        path: [ 'body', 'userIds' ],
        message: 'Required'
      }
    ],
    addIssue: [Function (anonymous)],
    addIssues: [Function (anonymous)],
    errors: [
      {
        code: 'invalid_type',
        expected: 'array',
        received: 'undefined',
        path: [ 'body', 'userIds' ],
        message: 'Required'
      }
    ]
  },
  level: 'info',
  message: 'globalErrorHandler ~~',
  label: 'Chat App',
  timestamp: '2023-10-21T02:32:28.156Z'
}
{
  error: ZodError: [
    {
      "code": "invalid_type",
      "expected": "array",
      "received": "undefined",
      "path": [
        "body",
        "userIds"
      ],
      "message": "Required"
    }
  ]
      at Object.get error [as error] (D:\projects\learn\think-in-a-redux-way\chat-app\backend\node_modules\zod\lib\types.js:43:31)
      at ZodObject.parseAsync (D:\projects\learn\think-in-a-redux-way\chat-app\backend\node_modules\zod\lib\types.js:165:22)
      at processTicksAndRejections (node:internal/process/task_queues:95:5) {
    issues: [
      {
        code: 'invalid_type',
        expected: 'array',
        received: 'undefined',
        path: [ 'body', 'userIds' ],
        message: 'Required'
      }
    ],
    addIssue: [Function (anonymous)],
    addIssues: [Function (anonymous)],
    errors: [
      {
        code: 'invalid_type',
        expected: 'array',
        received: 'undefined',
        path: [ 'body', 'userIds' ],
        message: 'Required'
      }
    ]
  },
  level: 'info',
  message: 'globalErrorHandler ~~',
  label: 'Chat App',
  timestamp: '2023-10-21T02:33:01.028Z'
}
