{
  message: 'Server is running on Port - 5000',
  level: 'info',
  label: 'Chat App',
  timestamp: '2023-10-15T17:02:05.136Z'
}
{
  message: 'Server is running on Port - 5000',
  level: 'info',
  label: 'Chat App',
  timestamp: '2023-10-15T17:02:40.406Z'
}
{
  message: 'Server is running on Port - 5000',
  level: 'info',
  label: 'Chat App',
  timestamp: '2023-10-15T17:03:07.897Z'
}
{
  error: [Function (anonymous)],
  level: 'info',
  message: 'globalErrorHandler ~~',
  label: 'Chat App',
  timestamp: '2023-10-15T17:03:12.613Z'
}
{
  message: 'Server is running on Port - 5000',
  level: 'info',
  label: 'Chat App',
  timestamp: '2023-10-15T17:05:30.550Z'
}
{
  error: [Function (anonymous)],
  level: 'info',
  message: 'globalErrorHandler ~~',
  label: 'Chat App',
  timestamp: '2023-10-15T17:05:37.496Z'
}
{
  message: 'Server is running on Port - 5000',
  level: 'info',
  label: 'Chat App',
  timestamp: '2023-10-15T17:08:48.094Z'
}
{
  error: [Function (anonymous)],
  level: 'info',
  message: 'globalErrorHandler ~~',
  label: 'Chat App',
  timestamp: '2023-10-15T17:08:52.603Z'
}
{
  message: 'Server is running on Port - 5000',
  level: 'info',
  label: 'Chat App',
  timestamp: '2023-10-15T17:10:24.033Z'
}
{
  error: [Function (anonymous)],
  level: 'info',
  message: 'globalErrorHandler ~~',
  label: 'Chat App',
  timestamp: '2023-10-15T17:10:28.052Z'
}
{
  message: 'Server is running on Port - 5000',
  level: 'info',
  label: 'Chat App',
  timestamp: '2023-10-15T17:10:50.405Z'
}
{
  error: [Function (anonymous)],
  level: 'info',
  message: 'globalErrorHandler ~~',
  label: 'Chat App',
  timestamp: '2023-10-15T17:10:53.074Z'
}
{
  message: 'Server is running on Port - 5000',
  level: 'info',
  label: 'Chat App',
  timestamp: '2023-10-15T17:13:07.784Z'
}
{
  error: [Function (anonymous)],
  level: 'info',
  message: 'globalErrorHandler ~~',
  label: 'Chat App',
  timestamp: '2023-10-15T17:13:12.042Z'
}
{
  message: 'Server is running on Port - 5000',
  level: 'info',
  label: 'Chat App',
  timestamp: '2023-10-15T17:13:30.580Z'
}
{
  message: 'Server is running on Port - 5000',
  level: 'info',
  label: 'Chat App',
  timestamp: '2023-10-15T17:15:22.188Z'
}
{
  error: ZodError: [
    {
      "code": "invalid_type",
      "expected": "string",
      "received": "undefined",
      "path": [
        "body",
        "name"
      ],
      "message": "Name is required!"
    },
    {
      "code": "invalid_type",
      "expected": "string",
      "received": "undefined",
      "path": [
        "body",
        "password"
      ],
      "message": "Password is required"
    },
    {
      "code": "invalid_type",
      "expected": "string",
      "received": "undefined",
      "path": [
        "body",
        "email"
      ],
      "message": "Email is required!"
    }
  ]
      at Object.get error [as error] (D:\projects\learn\think-in-a-redux-way\chat-app\backend\node_modules\zod\lib\types.js:43:31)
      at ZodObject.parseAsync (D:\projects\learn\think-in-a-redux-way\chat-app\backend\node_modules\zod\lib\types.js:165:22)
      at processTicksAndRejections (node:internal/process/task_queues:95:5) {
    issues: [
      {
        code: 'invalid_type',
        expected: 'string',
        received: 'undefined',
        path: [ 'body', 'name' ],
        message: 'Name is required!'
      },
      {
        code: 'invalid_type',
        expected: 'string',
        received: 'undefined',
        path: [ 'body', 'password' ],
        message: 'Password is required'
      },
      {
        code: 'invalid_type',
        expected: 'string',
        received: 'undefined',
        path: [ 'body', 'email' ],
        message: 'Email is required!'
      }
    ],
    addIssue: [Function (anonymous)],
    addIssues: [Function (anonymous)],
    errors: [
      {
        code: 'invalid_type',
        expected: 'string',
        received: 'undefined',
        path: [ 'body', 'name' ],
        message: 'Name is required!'
      },
      {
        code: 'invalid_type',
        expected: 'string',
        received: 'undefined',
        path: [ 'body', 'password' ],
        message: 'Password is required'
      },
      {
        code: 'invalid_type',
        expected: 'string',
        received: 'undefined',
        path: [ 'body', 'email' ],
        message: 'Email is required!'
      }
    ]
  },
  level: 'info',
  message: 'globalErrorHandler ~~',
  label: 'Chat App',
  timestamp: '2023-10-15T17:18:41.081Z'
}
{
  error: [Function (anonymous)],
  level: 'info',
  message: 'globalErrorHandler ~~',
  label: 'Chat App',
  timestamp: '2023-10-15T17:20:18.782Z'
}
{
  message: 'Server is running on Port - 5000',
  level: 'info',
  label: 'Chat App',
  timestamp: '2023-10-15T17:24:30.280Z'
}
{
  message: 'Server is running on Port - 5000',
  level: 'info',
  label: 'Chat App',
  timestamp: '2023-10-15T17:41:41.488Z'
}
{
  message: 'Server is running on Port - 5000',
  level: 'info',
  label: 'Chat App',
  timestamp: '2023-10-15T17:42:21.671Z'
}
