{
  message: 'Server is running on Port - 5000',
  level: 'info',
  label: 'Chat App',
  timestamp: '2023-10-17T01:08:56.232Z'
}
{
  error: [Function (anonymous)],
  level: 'info',
  message: 'globalErrorHandler ~~',
  label: 'Chat App',
  timestamp: '2023-10-17T01:09:41.286Z'
}
{
  message: 'Server is running on Port - 5000',
  level: 'info',
  label: 'Chat App',
  timestamp: '2023-10-17T01:18:32.231Z'
}
{
  message: 'Server is running on Port - 5000',
  level: 'info',
  label: 'Chat App',
  timestamp: '2023-10-17T01:21:48.261Z'
}
